# JRE version: Java(TM) SE Runtime Environment (17.0.10+11) (build 17.0.10+11-LTS-240)
# Java VM: Java HotSpot(TM) 64-Bit Server VM (17.0.10+11-LTS-240, mixed mode, sharing, tiered, compressed oops, compressed class ptrs, g1 gc, windows-amd64)
GC Precious Log:
 CPUs: 12 total, 12 available
 Memory: 6005M
 Large Page Support: Disabled
 NUMA Support: Disabled
 Compressed Oops: Enabled (32-bit)
 Heap Region Size: 1M
 Heap Min Capacity: 8M
 Heap Initial Capacity: 94M
 Heap Max Capacity: 1502M
 Pre-touch: Disabled
 Parallel Workers: 10
 Concurrent Workers: 3
 Concurrent Refinement Workers: 10
 Periodic GC: Disabled
Heap:
 garbage-first heap   total 96256K, used 37306K [0x00000000a2200000, 0x0000000100000000)
  region size 1024K, 1 young (1024K), 1 survivors (1024K)
 Metaspace       used 30301K, committed 30848K, reserved 1114112K
  class space    used 3842K, committed 4096K, reserved 1048576K
GC Heap History (20 events):
Event: 7.099 GC heap after
{Heap after GC invocations=4 (full 0):
 garbage-first heap   total 96256K, used 10502K [0x00000000a2200000, 0x0000000100000000)
  region size 1024K, 5 young (5120K), 5 survivors (5120K)
 Metaspace       used 21268K, committed 21504K, reserved 1114112K
  class space    used 2638K, committed 2752K, reserved 1048576K
}
Event: 7.960 GC heap before
{Heap before GC invocations=5 (full 0):
 garbage-first heap   total 40960K, used 29958K [0x00000000a2200000, 0x0000000100000000)
  region size 1024K, 24 young (24576K), 5 survivors (5120K)
 Metaspace       used 25317K, committed 25728K, reserved 1114112K
  class space    used 3184K, committed 3392K, reserved 1048576K
}
Event: 7.969 GC heap after
{Heap after GC invocations=6 (full 0):
 garbage-first heap   total 40960K, used 12232K [0x00000000a2200000, 0x0000000100000000)
  region size 1024K, 3 young (3072K), 3 survivors (3072K)
 Metaspace       used 25317K, committed 25728K, reserved 1114112K
  class space    used 3184K, committed 3392K, reserved 1048576K
}
Event: 8.021 GC heap before
{Heap before GC invocations=6 (full 0):
 garbage-first heap   total 40960K, used 13256K [0x00000000a2200000, 0x0000000100000000)
  region size 1024K, 4 young (4096K), 3 survivors (3072K)
 Metaspace       used 25495K, committed 25920K, reserved 1114112K
  class space    used 3213K, committed 3392K, reserved 1048576K
}
Event: 8.025 GC heap after
{Heap after GC invocations=7 (full 0):
 garbage-first heap   total 40960K, used 12547K [0x00000000a2200000, 0x0000000100000000)
  region size 1024K, 1 young (1024K), 1 survivors (1024K)
 Metaspace       used 25495K, committed 25920K, reserved 1114112K
  class space    used 3213K, committed 3392K, reserved 1048576K
}
Event: 8.663 GC heap before
{Heap before GC invocations=7 (full 0):
 garbage-first heap   total 40960K, used 29955K [0x00000000a2200000, 0x0000000100000000)
  region size 1024K, 18 young (18432K), 1 survivors (1024K)
 Metaspace       used 28397K, committed 28800K, reserved 1114112K
  class space    used 3593K, committed 3776K, reserved 1048576K
}
Event: 8.667 GC heap after
{Heap after GC invocations=8 (full 0):
 garbage-first heap   total 62464K, used 14023K [0x00000000a2200000, 0x0000000100000000)
  region size 1024K, 2 young (2048K), 2 survivors (2048K)
 Metaspace       used 28397K, committed 28800K, reserved 1114112K
  class space    used 3593K, committed 3776K, reserved 1048576K
}
Event: 33.367 GC heap before
{Heap before GC invocations=8 (full 0):
 garbage-first heap   total 62464K, used 43719K [0x00000000a2200000, 0x0000000100000000)
  region size 1024K, 32 young (32768K), 2 survivors (2048K)
 Metaspace       used 30012K, committed 30400K, reserved 1114112K
  class space    used 3814K, committed 3968K, reserved 1048576K
}
Event: 33.470 GC heap after
{Heap after GC invocations=9 (full 0):
 garbage-first heap   total 62464K, used 28878K [0x00000000a2200000, 0x0000000100000000)
  region size 1024K, 4 young (4096K), 4 survivors (4096K)
 Metaspace       used 30012K, committed 30400K, reserved 1114112K
  class space    used 3814K, committed 3968K, reserved 1048576K
}
Event: 81.239 GC heap before
{Heap before GC invocations=9 (full 0):
 garbage-first heap   total 62464K, used 42190K [0x00000000a2200000, 0x0000000100000000)
  region size 1024K, 17 young (17408K), 4 survivors (4096K)
 Metaspace       used 30286K, committed 30784K, reserved 1114112K
  class space    used 3842K, committed 4096K, reserved 1048576K
}
Event: 81.290 GC heap after
{Heap after GC invocations=10 (full 0):
 garbage-first heap   total 62464K, used 31244K [0x00000000a2200000, 0x0000000100000000)
  region size 1024K, 3 young (3072K), 3 survivors (3072K)
 Metaspace       used 30286K, committed 30784K, reserved 1114112K
  class space    used 3842K, committed 4096K, reserved 1048576K
}
Event: 81.361 GC heap before
{Heap before GC invocations=10 (full 0):
 garbage-first heap   total 62464K, used 43532K [0x00000000a2200000, 0x0000000100000000)
  region size 1024K, 15 young (15360K), 3 survivors (3072K)
 Metaspace       used 30286K, committed 30784K, reserved 1114112K
  class space    used 3842K, committed 4096K, reserved 1048576K
}
Event: 81.384 GC heap after
{Heap after GC invocations=11 (full 0):
 garbage-first heap   total 62464K, used 39120K [0x00000000a2200000, 0x0000000100000000)
  region size 1024K, 2 young (2048K), 2 survivors (2048K)
 Metaspace       used 30286K, committed 30784K, reserved 1114112K
  class space    used 3842K, committed 4096K, reserved 1048576K
}
Event: 81.406 GC heap before
{Heap before GC invocations=11 (full 0):
 garbage-first heap   total 62464K, used 45264K [0x00000000a2200000, 0x0000000100000000)
  region size 1024K, 8 young (8192K), 2 survivors (2048K)
 Metaspace       used 30287K, committed 30784K, reserved 1114112K
  class space    used 3842K, committed 4096K, reserved 1048576K
}
Event: 81.418 GC heap after
{Heap after GC invocations=12 (full 0):
 garbage-first heap   total 62464K, used 43911K [0x00000000a2200000, 0x0000000100000000)
  region size 1024K, 1 young (1024K), 1 survivors (1024K)
 Metaspace       used 30287K, committed 30784K, reserved 1114112K
  class space    used 3842K, committed 4096K, reserved 1048576K
}
Event: 81.430 GC heap before
{Heap before GC invocations=12 (full 0):
 garbage-first heap   total 62464K, used 46983K [0x00000000a2200000, 0x0000000100000000)
  region size 1024K, 5 young (5120K), 1 survivors (1024K)
 Metaspace       used 30290K, committed 30784K, reserved 1114112K
  class space    used 3842K, committed 4096K, reserved 1048576K
}
Event: 81.436 GC heap after
{Heap after GC invocations=13 (full 0):
 garbage-first heap   total 62464K, used 47104K [0x00000000a2200000, 0x0000000100000000)
  region size 1024K, 1 young (1024K), 1 survivors (1024K)
 Metaspace       used 30290K, committed 30784K, reserved 1114112K
  class space    used 3842K, committed 4096K, reserved 1048576K
}
Event: 81.442 GC heap before
{Heap before GC invocations=13 (full 0):
 garbage-first heap   total 62464K, used 49152K [0x00000000a2200000, 0x0000000100000000)
  region size 1024K, 3 young (3072K), 1 survivors (1024K)
 Metaspace       used 30291K, committed 30848K, reserved 1114112K
  class space    used 3842K, committed 4096K, reserved 1048576K
}
Event: 81.444 GC heap after
{Heap after GC invocations=14 (full 0):
 garbage-first heap   total 62464K, used 48744K [0x00000000a2200000, 0x0000000100000000)
  region size 1024K, 1 young (1024K), 1 survivors (1024K)
 Metaspace       used 30291K, committed 30848K, reserved 1114112K
  class space    used 3842K, committed 4096K, reserved 1048576K
}
Event: 81.601 GC heap before
{Heap before GC invocations=14 (full 0):
 garbage-first heap   total 65536K, used 38504K [0x00000000a2200000, 0x0000000100000000)
  region size 1024K, 3 young (3072K), 1 survivors (1024K)
 Metaspace       used 30301K, committed 30848K, reserved 1114112K
  class space    used 3842K, committed 4096K, reserved 1048576K
}

